<?xml version="1.0" encoding="UTF-8"?>
<!-- Generated by org.testng.reporters.JUnitReportReporter -->
<testsuite skipped="0" hostname="LAPTOP-V59ATIGS" name="selenum123.com.selenuim.automation.framewrok.Demo" tests="1" failures="0" timestamp="2022-03-07T21:57:09 IST" time="0.014" errors="0">
  <testcase name="demo" time="0.014" classname="selenum123.com.selenuim.automation.framewrok.Demo"/>
  <system-out/>
</testsuite> <!-- selenum123.com.selenuim.automation.framewrok.Demo -->
